<?xml version="1.0" encoding="UTF-8"?>
<!-- Generated by org.testng.reporters.JUnitXMLReporter -->
<testsuite hostname="DESKTOP-9D6R75R" ignored="0" name="Surefire test" tests="27" failures="0" timestamp="19 дек 2019 22:29:56 GMT" time="0.087" errors="0">
  <testcase name="testAdd" time="0.001" classname="ru.pflb.study.kosenkov.homework1.TestMain"/>
  <testcase name="testAdd1" time="0.002" classname="ru.pflb.study.kosenkov.homework1.TestMain"/>
  <testcase name="testAdd2" time="0.0" classname="ru.pflb.study.kosenkov.homework1.TestMain"/>
  <testcase name="testDiv" time="0.0" classname="ru.pflb.study.kosenkov.homework1.TestMain"/>
  <testcase name="testMult" time="0.0" classname="ru.pflb.study.kosenkov.homework1.TestMain"/>
  <testcase name="testParameters" time="0.0" classname="ru.pflb.study.kosenkov.homework1.TestMain"/>
  <testcase name="testParameters" time="0.0" classname="ru.pflb.study.kosenkov.homework1.TestMain"/>
  <testcase name="testParameters" time="0.0" classname="ru.pflb.study.kosenkov.homework1.TestMain"/>
  <testcase name="testSub" time="0.0" classname="ru.pflb.study.kosenkov.homework1.TestMain"/>
  <testcase name="testConvertBinToOct" time="0.001" classname="ru.pflb.study.kosenkov.homework1.TestNumberConverter"/>
  <testcase name="testConvertBinToOct" time="0.001" classname="ru.pflb.study.kosenkov.homework1.TestNumberConverter"/>
  <testcase name="testConvertBinToOct" time="0.001" classname="ru.pflb.study.kosenkov.homework1.TestNumberConverter"/>
  <testcase name="testConvertBinToOct" time="0.001" classname="ru.pflb.study.kosenkov.homework1.TestNumberConverter"/>
  <testcase name="testConvertDecToBin" time="0.0" classname="ru.pflb.study.kosenkov.homework1.TestNumberConverter"/>
  <testcase name="testConvertDecToBin" time="0.001" classname="ru.pflb.study.kosenkov.homework1.TestNumberConverter"/>
  <testcase name="testConvertDecToBin" time="0.0" classname="ru.pflb.study.kosenkov.homework1.TestNumberConverter"/>
  <testcase name="testConvertDecToBin" time="0.0" classname="ru.pflb.study.kosenkov.homework1.TestNumberConverter"/>
  <testcase name="testConvertDecToHex" time="0.0" classname="ru.pflb.study.kosenkov.homework1.TestNumberConverter"/>
  <testcase name="testConvertDecToHex" time="0.0" classname="ru.pflb.study.kosenkov.homework1.TestNumberConverter"/>
  <testcase name="testConvertDecToHex" time="0.0" classname="ru.pflb.study.kosenkov.homework1.TestNumberConverter"/>
  <testcase name="testConvertDecToHex" time="0.0" classname="ru.pflb.study.kosenkov.homework1.TestNumberConverter"/>
  <testcase name="testNegativeIsBinOROctORHex" time="0.0" classname="ru.pflb.study.kosenkov.homework1.TestNumberConverter"/>
  <testcase name="testNegativeIsBinOROctORHex" time="0.0" classname="ru.pflb.study.kosenkov.homework1.TestNumberConverter"/>
  <testcase name="testNegativeIsBinOROctORHex" time="0.0" classname="ru.pflb.study.kosenkov.homework1.TestNumberConverter"/>
  <testcase name="testPositiveIsBinOROctORHex" time="0.0" classname="ru.pflb.study.kosenkov.homework1.TestNumberConverter"/>
  <testcase name="testPositiveIsBinOROctORHex" time="0.001" classname="ru.pflb.study.kosenkov.homework1.TestNumberConverter"/>
  <testcase name="testPositiveIsBinOROctORHex" time="0.002" classname="ru.pflb.study.kosenkov.homework1.TestNumberConverter"/>
</testsuite> <!-- Surefire test -->
